time="2021-08-18T16:16:19+09:00" level=info msg=nwdaf category=App component=NWDAF
time="2021-08-18T16:16:19+09:00" level=info msg="NWDAF version:  \n\tNot specify ldflags (which link version) during go build\n\tgo version: go1.14.4 linux/amd64" category=App component=NWDAF
time="2021-08-18T16:16:19+09:00" level=info msg="config version [1.0.1]" category=CFG component=NWDAF
time="2021-08-18T16:16:19+09:00" level=info msg="Server started" category=Init component=NWDAF
time="2021-08-18T16:16:19+09:00" level=info msg="nwdafconfig Info: Version[1.0.1] Description[NWDAF initial local configuration]" category=Util component=NWDAF
time="2021-08-22T17:46:01+09:00" level=info msg=nwdaf category=App component=NWDAF
time="2021-08-22T17:46:01+09:00" level=info msg="NWDAF version:  \n\tNot specify ldflags (which link version) during go build\n\tgo version: go1.14.4 linux/amd64" category=App component=NWDAF
time="2021-08-22T17:46:01+09:00" level=info msg="config version [1.0.1]" category=CFG component=NWDAF
time="2021-08-22T17:46:01+09:00" level=info msg="Server started" category=Init component=NWDAF
time="2021-08-22T17:46:01+09:00" level=info msg="nwdafconfig Info: Version[1.0.1] Description[NWDAF initial local configuration]" category=Util component=NWDAF
time="2021-12-29T22:35:53+09:00" level=info msg=nwdaf category=App component=NWDAF
time="2021-12-29T22:35:53+09:00" level=info msg="NWDAF version:  \n\tNot specify ldflags (which link version) during go build\n\tgo version: go1.14.4 linux/amd64" category=App component=NWDAF
time="2021-12-29T22:35:53+09:00" level=info msg="config version [1.0.1]" category=CFG component=NWDAF
time="2021-12-29T22:35:53+09:00" level=info msg="Server started" category=Init component=NWDAF
time="2021-12-29T22:35:53+09:00" level=info msg="nwdafconfig Info: Version[1.0.1] Description[NWDAF initial local configuration]" category=Util component=NWDAF
time="2021-12-29T22:37:44+09:00" level=info msg=nwdaf category=App component=NWDAF
time="2021-12-29T22:37:44+09:00" level=info msg="NWDAF version:  \n\tNot specify ldflags (which link version) during go build\n\tgo version: go1.14.4 linux/amd64" category=App component=NWDAF
time="2021-12-29T22:37:44+09:00" level=info msg="config version [1.0.1]" category=CFG component=NWDAF
time="2021-12-29T22:37:44+09:00" level=info msg="Server started" category=Init component=NWDAF
time="2021-12-29T22:37:44+09:00" level=info msg="nwdafconfig Info: Version[1.0.1] Description[NWDAF initial local configuration]" category=Util component=NWDAF
time="2021-12-29T22:47:08+09:00" level=info msg=nwdaf category=App component=NWDAF
time="2021-12-29T22:47:08+09:00" level=info msg="NWDAF version:  \n\tNot specify ldflags (which link version) during go build\n\tgo version: go1.14.4 linux/amd64" category=App component=NWDAF
time="2021-12-29T22:47:08+09:00" level=info msg="config version [1.0.1]" category=CFG component=NWDAF
time="2021-12-29T22:47:08+09:00" level=info msg="Server started" category=Init component=NWDAF
time="2021-12-29T22:47:08+09:00" level=info msg="nwdafconfig Info: Version[1.0.1] Description[NWDAF initial local configuration]" category=Util component=NWDAF
time="2021-12-29T22:51:30+09:00" level=info msg=nwdaf category=App component=NWDAF
time="2021-12-29T22:51:30+09:00" level=info msg="NWDAF version:  \n\tNot specify ldflags (which link version) during go build\n\tgo version: go1.14.4 linux/amd64" category=App component=NWDAF
time="2021-12-29T22:51:30+09:00" level=info msg="config version [1.0.1]" category=CFG component=NWDAF
time="2021-12-29T22:51:30+09:00" level=info msg="Server started" category=Init component=NWDAF
time="2021-12-29T22:51:30+09:00" level=info msg="nwdafconfig Info: Version[1.0.1] Description[NWDAF initial local configuration]" category=Util component=NWDAF
time="2022-01-05T15:36:17+09:00" level=info msg=nwdaf category=App component=NWDAF
time="2022-01-05T15:36:17+09:00" level=info msg="NWDAF version:  \n\tNot specify ldflags (which link version) during go build\n\tgo version: go1.14.4 linux/amd64" category=App component=NWDAF
time="2022-01-05T15:36:17+09:00" level=info msg="config version [1.0.1]" category=CFG component=NWDAF
time="2022-01-05T15:36:17+09:00" level=info msg="Server started" category=Init component=NWDAF
time="2022-01-05T15:36:17+09:00" level=info msg="nwdafconfig Info: Version[1.0.1] Description[NWDAF initial local configuration]" category=Util component=NWDAF
time="2022-01-05T16:00:05+09:00" level=info msg=nwdaf category=App component=NWDAF
time="2022-01-05T16:00:05+09:00" level=info msg="NWDAF version:  \n\tNot specify ldflags (which link version) during go build\n\tgo version: go1.14.4 linux/amd64" category=App component=NWDAF
time="2022-01-05T16:00:05+09:00" level=info msg="config version [1.0.1]" category=CFG component=NWDAF
time="2022-01-05T16:00:05+09:00" level=info msg="Server started" category=Init component=NWDAF
time="2022-01-05T16:00:05+09:00" level=info msg="nwdafconfig Info: Version[1.0.1] Description[NWDAF initial local configuration]" category=Util component=NWDAF
time="2022-01-06T20:24:46+09:00" level=info msg=nwdaf category=App component=NWDAF
time="2022-01-06T20:24:46+09:00" level=info msg="NWDAF version:  \n\tNot specify ldflags (which link version) during go build\n\tgo version: go1.14.4 linux/amd64" category=App component=NWDAF
time="2022-01-06T20:24:46+09:00" level=info msg="config version [1.0.1]" category=CFG component=NWDAF
time="2022-01-06T20:24:46+09:00" level=info msg="Server started" category=Init component=NWDAF
time="2022-01-06T20:24:46+09:00" level=info msg="nwdafconfig Info: Version[1.0.1] Description[NWDAF initial local configuration]" category=Util component=NWDAF
time="2022-01-10T15:07:13+09:00" level=info msg=nwdaf category=App component=NWDAF
time="2022-01-10T15:07:13+09:00" level=info msg="NWDAF version:  \n\tNot specify ldflags (which link version) during go build\n\tgo version: go1.14.4 linux/amd64" category=App component=NWDAF
time="2022-01-10T15:07:13+09:00" level=info msg="config version [1.0.1]" category=CFG component=NWDAF
time="2022-01-10T15:07:13+09:00" level=info msg="Server started" category=Init component=NWDAF
time="2022-01-10T15:07:13+09:00" level=info msg="nwdafconfig Info: Version[1.0.1] Description[NWDAF initial local configuration]" category=Util component=NWDAF
time="2022-01-24T20:15:34+09:00" level=info msg=nwdaf category=App component=NWDAF
time="2022-01-24T20:15:34+09:00" level=info msg="NWDAF version:  \n\tNot specify ldflags (which link version) during go build\n\tgo version: go1.14.4 linux/amd64" category=App component=NWDAF
time="2022-01-24T20:15:34+09:00" level=info msg="config version [1.0.1]" category=CFG component=NWDAF
time="2022-01-24T20:15:34+09:00" level=info msg="Server started" category=Init component=NWDAF
time="2022-01-24T20:15:34+09:00" level=info msg="nwdafconfig Info: Version[1.0.1] Description[NWDAF initial local configuration]" category=Util component=NWDAF
time="2022-01-24T20:19:23+09:00" level=info msg="| 200 |       127.0.0.1 | POST    | /nwdaf-mtlf/v1/:training | " category=GIN component=NWDAF
time="2022-01-24T20:19:30+09:00" level=info msg="| 200 |       127.0.0.1 | POST    | /nwdaf-anlf/v1/:inference | " category=GIN component=NWDAF
time="2022-01-24T20:19:57+09:00" level=info msg="| 200 |       127.0.0.1 | POST    | /nwdaf-mtlf/v1/:training | " category=GIN component=NWDAF
time="2022-01-24T20:20:13+09:00" level=info msg="| 200 |       127.0.0.1 | POST    | /nwdaf-anlf/v1/:inference | " category=GIN component=NWDAF
time="2022-01-24T20:26:14+09:00" level=info msg="| 200 |       127.0.0.1 | POST    | /nwdaf-anlf/v1/:inference | " category=GIN component=NWDAF
time="2022-01-24T20:26:25+09:00" level=info msg="| 200 |       127.0.0.1 | POST    | /nwdaf-anlf/v1/:inference | " category=GIN component=NWDAF
time="2022-01-24T20:26:35+09:00" level=info msg="| 200 |       127.0.0.1 | POST    | /nwdaf-anlf/v1/:inference | " category=GIN component=NWDAF
time="2022-01-24T21:00:07+09:00" level=info msg="| 200 |       127.0.0.1 | POST    | /nwdaf-mtlf/v1/:training | " category=GIN component=NWDAF
time="2022-08-16T18:02:52+09:00" level=info msg=nwdaf category=App component=NWDAF
time="2022-08-16T18:02:52+09:00" level=info msg="NWDAF version:  \n\tNot specify ldflags (which link version) during go build\n\tgo version: go1.14.4 linux/amd64" category=App component=NWDAF
time="2022-08-16T18:02:52+09:00" level=info msg="config version [1.0.1]" category=CFG component=NWDAF
time="2022-08-16T18:02:52+09:00" level=info msg="Server started" category=Init component=NWDAF
time="2022-08-16T18:02:52+09:00" level=info msg="nwdafconfig Info: Version[1.0.1] Description[NWDAF initial local configuration]" category=Util component=NWDAF
time="2022-08-17T14:18:00+09:00" level=info msg=nwdaf category=App component=NWDAF
time="2022-08-17T14:18:00+09:00" level=info msg="NWDAF version:  \n\tNot specify ldflags (which link version) during go build\n\tgo version: go1.14.4 linux/amd64" category=App component=NWDAF
time="2022-08-17T14:18:00+09:00" level=info msg="config version [1.0.1]" category=CFG component=NWDAF
time="2022-08-17T14:18:00+09:00" level=info msg="Server started" category=Init component=NWDAF
time="2022-08-17T14:18:00+09:00" level=info msg="nwdafconfig Info: Version[1.0.1] Description[NWDAF initial local configuration]" category=Util component=NWDAF
time="2022-08-16T22:25:43-07:00" level=info msg=nwdaf category=App component=NWDAF
time="2022-08-16T22:25:43-07:00" level=info msg="NWDAF version:  \n\tNot specify ldflags (which link version) during go build\n\tgo version: go1.14.4 linux/amd64" category=App component=NWDAF
time="2022-08-16T22:25:43-07:00" level=info msg="config version [1.0.1]" category=CFG component=NWDAF
time="2022-08-16T22:25:43-07:00" level=info msg="Server started" category=Init component=NWDAF
time="2022-08-16T22:25:43-07:00" level=info msg="nwdafconfig Info: Version[1.0.1] Description[NWDAF initial local configuration]" category=Util component=NWDAF
time="2022-08-16T22:40:17-07:00" level=info msg=nwdaf category=App component=NWDAF
time="2022-08-16T22:40:17-07:00" level=info msg="NWDAF version:  \n\tNot specify ldflags (which link version) during go build\n\tgo version: go1.14.4 linux/amd64" category=App component=NWDAF
time="2022-08-16T22:40:17-07:00" level=info msg="config version [1.0.1]" category=CFG component=NWDAF
time="2022-08-16T22:40:17-07:00" level=info msg="Server started" category=Init component=NWDAF
time="2022-08-16T22:40:17-07:00" level=info msg="nwdafconfig Info: Version[1.0.1] Description[NWDAF initial local configuration]" category=Util component=NWDAF
time="2022-08-16T22:43:08-07:00" level=info msg="| 200 |       127.0.0.1 | POST    | /nwdaf-mtlf/v1/:training | " category=GIN component=NWDAF
time="2022-08-16T22:43:13-07:00" level=info msg="| 200 |       127.0.0.1 | POST    | /nwdaf-anlf/v1/:inference | " category=GIN component=NWDAF
time="2022-08-16T22:43:17-07:00" level=info msg="| 200 |       127.0.0.1 | POST    | /nwdaf-anlf/v1/:inference | " category=GIN component=NWDAF
time="2022-08-16T22:43:18-07:00" level=info msg="| 200 |       127.0.0.1 | POST    | /nwdaf-mtlf/v1/:training | " category=GIN component=NWDAF
time="2022-08-16T22:47:14-07:00" level=info msg=nwdaf category=App component=NWDAF
time="2022-08-16T22:47:14-07:00" level=info msg="NWDAF version:  \n\tNot specify ldflags (which link version) during go build\n\tgo version: go1.14.4 linux/amd64" category=App component=NWDAF
time="2022-08-16T22:47:14-07:00" level=info msg="config version [1.0.1]" category=CFG component=NWDAF
time="2022-08-16T22:47:14-07:00" level=info msg="Server started" category=Init component=NWDAF
time="2022-08-16T22:47:14-07:00" level=info msg="nwdafconfig Info: Version[1.0.1] Description[NWDAF initial local configuration]" category=Util component=NWDAF
time="2022-08-16T22:54:55-07:00" level=info msg=nwdaf category=App component=NWDAF
time="2022-08-16T22:54:55-07:00" level=info msg="NWDAF version:  \n\tNot specify ldflags (which link version) during go build\n\tgo version: go1.14.4 linux/amd64" category=App component=NWDAF
time="2022-08-16T22:54:55-07:00" level=info msg="config version [1.0.1]" category=CFG component=NWDAF
time="2022-08-16T22:54:55-07:00" level=info msg="Server started" category=Init component=NWDAF
time="2022-08-16T22:54:55-07:00" level=info msg="nwdafconfig Info: Version[1.0.1] Description[NWDAF initial local configuration]" category=Util component=NWDAF
time="2022-08-16T22:59:20-07:00" level=info msg=nwdaf category=App component=NWDAF
time="2022-08-16T22:59:20-07:00" level=info msg="NWDAF version:  \n\tNot specify ldflags (which link version) during go build\n\tgo version: go1.14.4 linux/amd64" category=App component=NWDAF
time="2022-08-16T22:59:20-07:00" level=info msg="config version [1.0.1]" category=CFG component=NWDAF
time="2022-08-16T22:59:20-07:00" level=info msg="Server started" category=Init component=NWDAF
time="2022-08-16T22:59:20-07:00" level=info msg="nwdafconfig Info: Version[1.0.1] Description[NWDAF initial local configuration]" category=Util component=NWDAF
time="2022-08-16T22:59:38-07:00" level=info msg=nwdaf category=App component=NWDAF
time="2022-08-16T22:59:38-07:00" level=info msg="NWDAF version:  \n\tNot specify ldflags (which link version) during go build\n\tgo version: go1.14.4 linux/amd64" category=App component=NWDAF
time="2022-08-16T22:59:38-07:00" level=info msg="config version [1.0.1]" category=CFG component=NWDAF
time="2022-08-16T22:59:38-07:00" level=info msg="Server started" category=Init component=NWDAF
time="2022-08-16T22:59:38-07:00" level=info msg="nwdafconfig Info: Version[1.0.1] Description[NWDAF initial local configuration]" category=Util component=NWDAF
time="2022-08-16T23:01:12-07:00" level=info msg=nwdaf category=App component=NWDAF
time="2022-08-16T23:01:12-07:00" level=info msg="NWDAF version:  \n\tNot specify ldflags (which link version) during go build\n\tgo version: go1.14.4 linux/amd64" category=App component=NWDAF
time="2022-08-16T23:01:12-07:00" level=info msg="config version [1.0.1]" category=CFG component=NWDAF
time="2022-08-16T23:01:12-07:00" level=info msg="Server started" category=Init component=NWDAF
time="2022-08-16T23:01:12-07:00" level=info msg="nwdafconfig Info: Version[1.0.1] Description[NWDAF initial local configuration]" category=Util component=NWDAF
time="2022-08-16T23:01:33-07:00" level=info msg=nwdaf category=App component=NWDAF
time="2022-08-16T23:01:33-07:00" level=info msg="NWDAF version:  \n\tNot specify ldflags (which link version) during go build\n\tgo version: go1.14.4 linux/amd64" category=App component=NWDAF
time="2022-08-16T23:01:33-07:00" level=info msg="config version [1.0.1]" category=CFG component=NWDAF
time="2022-08-16T23:01:33-07:00" level=info msg="Server started" category=Init component=NWDAF
time="2022-08-16T23:01:33-07:00" level=info msg="nwdafconfig Info: Version[1.0.1] Description[NWDAF initial local configuration]" category=Util component=NWDAF
time="2022-08-20T23:11:03-07:00" level=info msg=nwdaf category=App component=NWDAF
time="2022-08-20T23:11:03-07:00" level=info msg="NWDAF version:  \n\tNot specify ldflags (which link version) during go build\n\tgo version: go1.14.4 linux/amd64" category=App component=NWDAF
time="2022-08-20T23:11:03-07:00" level=info msg="config version [1.0.1]" category=CFG component=NWDAF
time="2022-08-20T23:11:03-07:00" level=info msg="Server started" category=Init component=NWDAF
time="2022-08-20T23:11:03-07:00" level=info msg="nwdafconfig Info: Version[1.0.1] Description[NWDAF initial local configuration]" category=Util component=NWDAF
time="2022-08-20T23:11:03-07:00" level=fatal msg="HTTP server setup failed: listen tcp 127.0.0.1:1: bind: permission denied" category=Init component=NWDAF
time="2022-08-20T23:11:41-07:00" level=info msg=nwdaf category=App component=NWDAF
time="2022-08-20T23:11:41-07:00" level=info msg="NWDAF version:  \n\tNot specify ldflags (which link version) during go build\n\tgo version: go1.14.4 linux/amd64" category=App component=NWDAF
time="2022-08-20T23:11:41-07:00" level=info msg="config version [1.0.1]" category=CFG component=NWDAF
time="2022-08-20T23:11:41-07:00" level=info msg="Server started" category=Init component=NWDAF
time="2022-08-20T23:11:41-07:00" level=info msg="nwdafconfig Info: Version[1.0.1] Description[NWDAF initial local configuration]" category=Util component=NWDAF
time="2022-08-20T23:11:41-07:00" level=fatal msg="HTTP server setup failed: listen tcp 127.0.0.1:1: bind: permission denied" category=Init component=NWDAF
time="2022-08-20T23:11:47-07:00" level=info msg=nwdaf category=App component=NWDAF
time="2022-08-20T23:11:47-07:00" level=info msg="NWDAF version:  \n\tNot specify ldflags (which link version) during go build\n\tgo version: go1.14.4 linux/amd64" category=App component=NWDAF
time="2022-08-20T23:11:47-07:00" level=info msg="config version [1.0.1]" category=CFG component=NWDAF
time="2022-08-20T23:11:47-07:00" level=info msg="Server started" category=Init component=NWDAF
time="2022-08-20T23:11:47-07:00" level=info msg="nwdafconfig Info: Version[1.0.1] Description[NWDAF initial local configuration]" category=Util component=NWDAF
time="2022-08-20T23:11:47-07:00" level=fatal msg="HTTP server setup failed: listen tcp 127.0.0.1:1: bind: permission denied" category=Init component=NWDAF
time="2022-08-20T23:11:49-07:00" level=info msg=nwdaf category=App component=NWDAF
time="2022-08-20T23:11:49-07:00" level=info msg="NWDAF version:  \n\tNot specify ldflags (which link version) during go build\n\tgo version: go1.14.4 linux/amd64" category=App component=NWDAF
time="2022-08-20T23:11:49-07:00" level=info msg="config version [1.0.1]" category=CFG component=NWDAF
time="2022-08-20T23:11:49-07:00" level=info msg="Server started" category=Init component=NWDAF
time="2022-08-20T23:11:49-07:00" level=info msg="nwdafconfig Info: Version[1.0.1] Description[NWDAF initial local configuration]" category=Util component=NWDAF
time="2022-08-20T23:11:49-07:00" level=fatal msg="HTTP server setup failed: listen tcp 127.0.0.1:1: bind: permission denied" category=Init component=NWDAF
time="2022-08-20T23:12:05-07:00" level=info msg=nwdaf category=App component=NWDAF
time="2022-08-20T23:12:05-07:00" level=info msg="NWDAF version:  \n\tNot specify ldflags (which link version) during go build\n\tgo version: go1.14.4 linux/amd64" category=App component=NWDAF
time="2022-08-20T23:12:05-07:00" level=info msg="config version [1.0.1]" category=CFG component=NWDAF
time="2022-08-20T23:12:05-07:00" level=info msg="Server started" category=Init component=NWDAF
time="2022-08-20T23:12:05-07:00" level=info msg="nwdafconfig Info: Version[1.0.1] Description[NWDAF initial local configuration]" category=Util component=NWDAF
time="2022-08-20T23:12:05-07:00" level=fatal msg="HTTP server setup failed: listen tcp 127.0.0.1:11: bind: permission denied" category=Init component=NWDAF
time="2022-08-20T23:12:13-07:00" level=info msg=nwdaf category=App component=NWDAF
time="2022-08-20T23:12:13-07:00" level=info msg="NWDAF version:  \n\tNot specify ldflags (which link version) during go build\n\tgo version: go1.14.4 linux/amd64" category=App component=NWDAF
time="2022-08-20T23:12:13-07:00" level=info msg="config version [1.0.1]" category=CFG component=NWDAF
time="2022-08-20T23:12:13-07:00" level=info msg="Server started" category=Init component=NWDAF
time="2022-08-20T23:12:13-07:00" level=info msg="nwdafconfig Info: Version[1.0.1] Description[NWDAF initial local configuration]" category=Util component=NWDAF
time="2022-08-20T23:13:32-07:00" level=info msg=nwdaf category=App component=NWDAF
time="2022-08-20T23:13:32-07:00" level=info msg="NWDAF version:  \n\tNot specify ldflags (which link version) during go build\n\tgo version: go1.14.4 linux/amd64" category=App component=NWDAF
time="2022-08-20T23:13:32-07:00" level=info msg="config version [1.0.1]" category=CFG component=NWDAF
time="2022-08-20T23:13:32-07:00" level=info msg="Server started" category=Init component=NWDAF
time="2022-08-20T23:13:32-07:00" level=info msg="nwdafconfig Info: Version[1.0.1] Description[NWDAF initial local configuration]" category=Util component=NWDAF
time="2022-08-20T23:17:39-07:00" level=info msg=nwdaf category=App component=NWDAF
time="2022-08-20T23:17:39-07:00" level=info msg="NWDAF version:  \n\tNot specify ldflags (which link version) during go build\n\tgo version: go1.14.4 linux/amd64" category=App component=NWDAF
time="2022-08-20T23:17:39-07:00" level=info msg="config version [1.0.1]" category=CFG component=NWDAF
time="2022-08-20T23:17:39-07:00" level=info msg="Server started" category=Init component=NWDAF
time="2022-08-20T23:17:39-07:00" level=info msg="nwdafconfig Info: Version[1.0.1] Description[NWDAF initial local configuration]" category=Util component=NWDAF
time="2022-08-20T23:17:39-07:00" level=fatal msg="HTTP server setup failed: listen tcp 127.0.0.1:8080: bind: address already in use" category=Init component=NWDAF
time="2022-08-20T23:21:11-07:00" level=info msg=nwdaf category=App component=NWDAF
time="2022-08-20T23:21:11-07:00" level=info msg="NWDAF version:  \n\tNot specify ldflags (which link version) during go build\n\tgo version: go1.14.4 linux/amd64" category=App component=NWDAF
time="2022-08-20T23:21:11-07:00" level=info msg="config version [1.0.1]" category=CFG component=NWDAF
time="2022-08-20T23:21:11-07:00" level=info msg="Server started" category=Init component=NWDAF
time="2022-08-20T23:21:11-07:00" level=info msg="nwdafconfig Info: Version[1.0.1] Description[NWDAF initial local configuration]" category=Util component=NWDAF
time="2022-08-20T23:21:37-07:00" level=info msg="| 200 |       127.0.0.1 | POST    | /nwdaf-mtlf/v1/:training | " category=GIN component=NWDAF
time="2022-08-20T23:21:39-07:00" level=info msg="| 200 |       127.0.0.1 | POST    | /nwdaf-anlf/v1/:inference | " category=GIN component=NWDAF
time="2022-08-20T23:21:40-07:00" level=info msg="| 200 |       127.0.0.1 | POST    | /nwdaf-mtlf/v1/:training | " category=GIN component=NWDAF
time="2022-08-20T23:21:40-07:00" level=info msg="| 200 |       127.0.0.1 | POST    | /nwdaf-mtlf/v1/:training | " category=GIN component=NWDAF
time="2022-08-20T23:21:41-07:00" level=info msg="| 200 |       127.0.0.1 | POST    | /nwdaf-mtlf/v1/:training | " category=GIN component=NWDAF
time="2022-08-20T23:41:47-07:00" level=info msg=nwdaf category=App component=NWDAF
time="2022-08-20T23:41:47-07:00" level=info msg="NWDAF version:  \n\tNot specify ldflags (which link version) during go build\n\tgo version: go1.14.4 linux/amd64" category=App component=NWDAF
time="2022-08-20T23:41:47-07:00" level=info msg="config version [1.0.1]" category=CFG component=NWDAF
time="2022-08-20T23:41:47-07:00" level=info msg="Server started" category=Init component=NWDAF
time="2022-08-20T23:41:47-07:00" level=info msg="nwdafconfig Info: Version[1.0.1] Description[NWDAF initial local configuration]" category=Util component=NWDAF
time="2022-08-20T23:58:31-07:00" level=info msg=nwdaf category=App component=NWDAF
time="2022-08-20T23:58:31-07:00" level=info msg="NWDAF version:  \n\tNot specify ldflags (which link version) during go build\n\tgo version: go1.14.4 linux/amd64" category=App component=NWDAF
time="2022-08-20T23:58:31-07:00" level=info msg="config version [1.0.1]" category=CFG component=NWDAF
time="2022-08-20T23:58:31-07:00" level=info msg="Server started" category=Init component=NWDAF
time="2022-08-20T23:58:31-07:00" level=info msg="nwdafconfig Info: Version[1.0.1] Description[NWDAF initial local configuration]" category=Util component=NWDAF
time="2022-08-20T23:58:31-07:00" level=fatal msg="HTTP server setup failed: listen tcp 127.0.0.1:8080: bind: address already in use" category=Init component=NWDAF
time="2022-08-21T22:02:46-07:00" level=info msg=nwdaf category=App component=NWDAF
time="2022-08-21T22:02:46-07:00" level=info msg="NWDAF version:  \n\tNot specify ldflags (which link version) during go build\n\tgo version: go1.14.4 linux/amd64" category=App component=NWDAF
time="2022-08-21T22:02:46-07:00" level=info msg="config version [1.0.1]" category=CFG component=NWDAF
time="2022-08-21T22:02:46-07:00" level=info msg="Server started" category=Init component=NWDAF
time="2022-08-21T22:02:46-07:00" level=info msg="nwdafconfig Info: Version[1.0.1] Description[NWDAF initial local configuration]" category=Util component=NWDAF
time="2022-08-21T22:02:50-07:00" level=info msg=nwdaf category=App component=NWDAF
time="2022-08-21T22:02:50-07:00" level=info msg="NWDAF version:  \n\tNot specify ldflags (which link version) during go build\n\tgo version: go1.14.4 linux/amd64" category=App component=NWDAF
time="2022-08-21T22:02:50-07:00" level=info msg="config version [1.0.1]" category=CFG component=NWDAF
time="2022-08-21T22:02:50-07:00" level=info msg="Server started" category=Init component=NWDAF
time="2022-08-21T22:02:50-07:00" level=info msg="nwdafconfig Info: Version[1.0.1] Description[NWDAF initial local configuration]" category=Util component=NWDAF
time="2022-08-21T23:18:56-07:00" level=info msg=nwdaf category=App component=NWDAF
time="2022-08-21T23:18:56-07:00" level=info msg="NWDAF version:  \n\tNot specify ldflags (which link version) during go build\n\tgo version: go1.14.4 linux/amd64" category=App component=NWDAF
time="2022-08-21T23:18:56-07:00" level=info msg="config version [1.0.1]" category=CFG component=NWDAF
time="2022-08-21T23:18:56-07:00" level=info msg="Registered to NRF" category=Init component=NWDAF
time="2022-08-21T23:18:56-07:00" level=info msg="nwdafconfig Info: Version[1.0.1] Description[NWDAF initial local configuration]" category=Util component=NWDAF
time="2022-08-21T23:19:24-07:00" level=info msg=nwdaf category=App component=NWDAF
time="2022-08-21T23:19:24-07:00" level=info msg="config version [1.0.1]" category=CFG component=NWDAF
time="2022-08-21T23:19:24-07:00" level=info msg="Registered to NRF" category=Init component=NWDAF
time="2022-08-21T23:19:24-07:00" level=info msg="nwdafconfig Info: Version[1.0.1] Description[NWDAF initial local configuration]" category=Util component=NWDAF
time="2022-08-21T23:22:02-07:00" level=info msg=nwdaf category=App component=NWDAF
time="2022-08-21T23:22:02-07:00" level=info msg="config version [1.0.1]" category=CFG component=NWDAF
time="2022-08-21T23:22:02-07:00" level=info msg="Registered to NRF" category=Init component=NWDAF
time="2022-08-21T23:22:02-07:00" level=info msg="nwdafconfig Info: Version[1.0.1] Description[NWDAF initial local configuration]" category=Util component=NWDAF
time="2022-08-21T23:32:36-07:00" level=info msg=nwdaf category=App component=NWDAF
time="2022-08-21T23:32:36-07:00" level=info msg="config version [1.0.1]" category=CFG component=NWDAF
time="2022-08-21T23:32:36-07:00" level=info msg="Registered to NRF" category=Init component=NWDAF
time="2022-08-21T23:32:36-07:00" level=info msg="nwdafconfig Info: Version[1.0.1] Description[NWDAF initial local configuration]" category=Util component=NWDAF
time="2022-08-21T23:32:42-07:00" level=info msg=nwdaf category=App component=NWDAF
time="2022-08-21T23:32:42-07:00" level=info msg="config version [1.0.1]" category=CFG component=NWDAF
time="2022-08-21T23:32:42-07:00" level=info msg="Registered to NRF" category=Init component=NWDAF
time="2022-08-21T23:32:42-07:00" level=info msg="nwdafconfig Info: Version[1.0.1] Description[NWDAF initial local configuration]" category=Util component=NWDAF
time="2022-08-21T23:37:02-07:00" level=info msg=nwdaf category=App component=NWDAF
time="2022-08-21T23:37:02-07:00" level=info msg="config version [1.0.1]" category=CFG component=NWDAF
time="2022-08-21T23:37:02-07:00" level=info msg="Registered to NRF" category=Init component=NWDAF
time="2022-08-21T23:37:02-07:00" level=info msg="nwdafconfig Info: Version[1.0.1] Description[NWDAF initial local configuration]" category=Util component=NWDAF
time="2022-08-21T23:50:43-07:00" level=info msg=nwdaf category=App component=NWDAF
time="2022-08-21T23:50:43-07:00" level=info msg="config version [1.0.1]" category=CFG component=NWDAF
time="2022-08-21T23:50:43-07:00" level=info msg="Registered to NRF" category=Init component=NWDAF
time="2022-08-21T23:50:43-07:00" level=info msg="nwdafconfig Info: Version[1.0.1] Description[NWDAF initial local configuration]" category=Util component=NWDAF
time="2022-08-22T05:02:12-07:00" level=info msg=nwdaf category=App component=NWDAF
time="2022-08-22T05:02:12-07:00" level=info msg="config version [1.0.1]" category=CFG component=NWDAF
time="2022-08-22T05:02:12-07:00" level=info msg="Registered to NRF" category=Init component=NWDAF
time="2022-08-22T05:02:12-07:00" level=info msg="nwdafconfig Info: Version[1.0.1] Description[NWDAF initial local configuration]" category=Util component=NWDAF
time="2022-08-31T22:07:58-07:00" level=info msg=nwdaf category=App component=NWDAF
time="2022-08-31T22:07:58-07:00" level=info msg="config version [1.0.1]" category=CFG component=NWDAF
time="2022-08-31T22:07:58-07:00" level=info msg="Registered to NRF" category=Init component=NWDAF
time="2022-08-31T22:07:58-07:00" level=info msg="nwdafconfig Info: Version[1.0.1] Description[NWDAF initial local configuration]" category=Util component=NWDAF
time="2022-08-31T22:08:17-07:00" level=info msg=nwdaf category=App component=NWDAF
time="2022-08-31T22:08:17-07:00" level=info msg="config version [1.0.1]" category=CFG component=NWDAF
time="2022-08-31T22:08:17-07:00" level=info msg="Registered to NRF" category=Init component=NWDAF
time="2022-08-31T22:08:17-07:00" level=info msg="nwdafconfig Info: Version[1.0.1] Description[NWDAF initial local configuration]" category=Util component=NWDAF
time="2022-08-31T22:08:36-07:00" level=info msg=nwdaf category=App component=NWDAF
time="2022-08-31T22:08:36-07:00" level=info msg="config version [1.0.1]" category=CFG component=NWDAF
time="2022-08-31T22:08:36-07:00" level=info msg="Registered to NRF" category=Init component=NWDAF
time="2022-08-31T22:08:36-07:00" level=info msg="nwdafconfig Info: Version[1.0.1] Description[NWDAF initial local configuration]" category=Util component=NWDAF
time="2022-09-03T22:58:42-07:00" level=info msg=nwdaf category=App component=NWDAF
time="2022-09-03T22:58:42-07:00" level=info msg="config version [1.0.1]" category=CFG component=NWDAF
time="2022-09-03T22:58:42-07:00" level=info msg="Registered to NRF" category=Init component=NWDAF
time="2022-09-03T22:58:42-07:00" level=info msg="nwdafconfig Info: Version[1.0.1] Description[NWDAF initial local configuration]" category=Util component=NWDAF
time="2022-09-03T22:58:46-07:00" level=info msg=nwdaf category=App component=NWDAF
time="2022-09-03T22:58:46-07:00" level=info msg="config version [1.0.1]" category=CFG component=NWDAF
time="2022-09-03T22:58:46-07:00" level=info msg="Registered to NRF" category=Init component=NWDAF
time="2022-09-03T22:58:46-07:00" level=info msg="nwdafconfig Info: Version[1.0.1] Description[NWDAF initial local configuration]" category=Util component=NWDAF
time="2022-09-03T23:01:36-07:00" level=info msg=nwdaf category=App component=NWDAF
time="2022-09-03T23:01:36-07:00" level=info msg="config version [1.0.1]" category=CFG component=NWDAF
time="2022-09-03T23:01:36-07:00" level=info msg="Registered to NRF" category=Init component=NWDAF
time="2022-09-03T23:01:36-07:00" level=info msg="nwdafconfig Info: Version[1.0.1] Description[NWDAF initial local configuration]" category=Util component=NWDAF
time="2022-09-03T23:03:06-07:00" level=info msg=nwdaf category=App component=NWDAF
time="2022-09-03T23:03:06-07:00" level=info msg="config version [1.0.1]" category=CFG component=NWDAF
time="2022-09-03T23:03:06-07:00" level=info msg="Registered to NRF" category=Init component=NWDAF
time="2022-09-03T23:03:06-07:00" level=info msg="nwdafconfig Info: Version[1.0.1] Description[NWDAF initial local configuration]" category=Util component=NWDAF
time="2022-09-03T23:03:09-07:00" level=info msg=nwdaf category=App component=NWDAF
time="2022-09-03T23:03:09-07:00" level=info msg="config version [1.0.1]" category=CFG component=NWDAF
time="2022-09-03T23:03:09-07:00" level=info msg="Registered to NRF" category=Init component=NWDAF
time="2022-09-03T23:03:09-07:00" level=info msg="nwdafconfig Info: Version[1.0.1] Description[NWDAF initial local configuration]" category=Util component=NWDAF
time="2022-09-03T23:04:18-07:00" level=info msg=nwdaf category=App component=NWDAF
time="2022-09-03T23:04:18-07:00" level=info msg="config version [1.0.1]" category=CFG component=NWDAF
time="2022-09-03T23:04:18-07:00" level=info msg="Registered to NRF" category=Init component=NWDAF
time="2022-09-03T23:04:18-07:00" level=info msg="nwdafconfig Info: Version[1.0.1] Description[NWDAF initial local configuration]" category=Util component=NWDAF
time="2022-09-03T23:05:57-07:00" level=info msg=nwdaf category=App component=NWDAF
time="2022-09-03T23:05:57-07:00" level=info msg="config version [1.0.1]" category=CFG component=NWDAF
time="2022-09-03T23:05:57-07:00" level=info msg="Registered to NRF" category=Init component=NWDAF
time="2022-09-03T23:05:57-07:00" level=info msg="nwdafconfig Info: Version[1.0.1] Description[NWDAF initial local configuration]" category=Util component=NWDAF
time="2022-09-03T23:06:02-07:00" level=info msg=nwdaf category=App component=NWDAF
time="2022-09-03T23:06:02-07:00" level=info msg="config version [1.0.1]" category=CFG component=NWDAF
time="2022-09-03T23:06:02-07:00" level=info msg="Registered to NRF" category=Init component=NWDAF
time="2022-09-03T23:06:02-07:00" level=info msg="nwdafconfig Info: Version[1.0.1] Description[NWDAF initial local configuration]" category=Util component=NWDAF
time="2022-09-03T23:06:46-07:00" level=info msg=nwdaf category=App component=NWDAF
time="2022-09-03T23:06:46-07:00" level=info msg="config version [1.0.1]" category=CFG component=NWDAF
time="2022-09-03T23:06:46-07:00" level=info msg="Registered to NRF" category=Init component=NWDAF
time="2022-09-03T23:06:46-07:00" level=info msg="nwdafconfig Info: Version[1.0.1] Description[NWDAF initial local configuration]" category=Util component=NWDAF
time="2022-09-03T23:07:18-07:00" level=info msg=nwdaf category=App component=NWDAF
time="2022-09-03T23:07:18-07:00" level=info msg="config version [1.0.1]" category=CFG component=NWDAF
time="2022-09-03T23:07:18-07:00" level=info msg="Registered to NRF" category=Init component=NWDAF
time="2022-09-03T23:07:18-07:00" level=info msg="nwdafconfig Info: Version[1.0.1] Description[NWDAF initial local configuration]" category=Util component=NWDAF
time="2022-09-03T23:07:29-07:00" level=info msg=nwdaf category=App component=NWDAF
time="2022-09-03T23:07:29-07:00" level=info msg="config version [1.0.1]" category=CFG component=NWDAF
time="2022-09-03T23:07:29-07:00" level=info msg="Registered to NRF" category=Init component=NWDAF
time="2022-09-03T23:07:29-07:00" level=info msg="nwdafconfig Info: Version[1.0.1] Description[NWDAF initial local configuration]" category=Util component=NWDAF
time="2022-09-25T02:47:05-07:00" level=info msg=nwdaf category=App component=NWDAF
time="2022-09-25T02:47:05-07:00" level=info msg="config version [1.0.1]" category=CFG component=NWDAF
time="2022-09-25T02:47:05-07:00" level=info msg="Registered to NRF" category=Init component=NWDAF
time="2022-09-25T02:47:05-07:00" level=info msg="nwdafconfig Info: Version[1.0.1] Description[NWDAF initial local configuration]" category=Util component=NWDAF
time="2022-09-25T21:51:57-07:00" level=info msg=nwdaf category=App component=NWDAF
time="2022-09-25T21:51:57-07:00" level=info msg="config version [1.0.1]" category=CFG component=NWDAF
time="2022-09-25T21:51:57-07:00" level=info msg="Registered to NRF" category=Init component=NWDAF
time="2022-09-25T21:51:57-07:00" level=info msg="nwdafconfig Info: Version[1.0.1] Description[NWDAF initial local configuration]" category=Util component=NWDAF
time="2022-09-25T21:54:04-07:00" level=info msg=nwdaf category=App component=NWDAF
time="2022-09-25T21:54:04-07:00" level=info msg="config version [1.0.1]" category=CFG component=NWDAF
time="2022-09-25T21:54:04-07:00" level=info msg="Registered to NRF" category=Init component=NWDAF
time="2022-09-25T21:54:04-07:00" level=info msg="nwdafconfig Info: Version[1.0.1] Description[NWDAF initial local configuration]" category=Util component=NWDAF
time="2022-09-25T21:55:20-07:00" level=info msg=nwdaf category=App component=NWDAF
time="2022-09-25T21:55:20-07:00" level=info msg="config version [1.0.1]" category=CFG component=NWDAF
time="2022-09-25T21:55:20-07:00" level=info msg="Registered to NRF" category=Init component=NWDAF
time="2022-09-25T21:55:20-07:00" level=info msg="nwdafconfig Info: Version[1.0.1] Description[NWDAF initial local configuration]" category=Util component=NWDAF
time="2022-09-25T21:56:25-07:00" level=info msg=nwdaf category=App component=NWDAF
time="2022-09-25T21:56:25-07:00" level=info msg="config version [1.0.1]" category=CFG component=NWDAF
time="2022-09-25T21:56:25-07:00" level=info msg="Registered to NRF" category=Init component=NWDAF
time="2022-09-25T21:56:25-07:00" level=info msg="nwdafconfig Info: Version[1.0.1] Description[NWDAF initial local configuration]" category=Util component=NWDAF
time="2022-09-28T01:10:59-07:00" level=info msg=nwdaf category=App component=NWDAF
time="2022-09-28T01:10:59-07:00" level=info msg="config version [1.0.1]" category=CFG component=NWDAF
time="2022-09-28T01:10:59-07:00" level=info msg="Registered to NRF" category=Init component=NWDAF
time="2022-09-28T01:10:59-07:00" level=info msg="nwdafconfig Info: Version[1.0.1] Description[NWDAF initial local configuration]" category=Util component=NWDAF
time="2022-09-28T03:21:07-07:00" level=info msg=nwdaf category=App component=NWDAF
time="2022-09-28T03:21:07-07:00" level=info msg="config version [1.0.1]" category=CFG component=NWDAF
time="2022-09-28T03:21:07-07:00" level=info msg="Registered to NRF" category=Init component=NWDAF
time="2022-09-28T03:21:07-07:00" level=info msg="nwdafconfig Info: Version[1.0.1] Description[NWDAF initial local configuration]" category=Util component=NWDAF
time="2022-09-28T03:23:04-07:00" level=info msg=nwdaf category=App component=NWDAF
time="2022-09-28T03:23:04-07:00" level=info msg="config version [1.0.1]" category=CFG component=NWDAF
time="2022-09-28T03:23:04-07:00" level=info msg="Registered to NRF" category=Init component=NWDAF
time="2022-09-28T03:23:04-07:00" level=info msg="nwdafconfig Info: Version[1.0.1] Description[NWDAF initial local configuration]" category=Util component=NWDAF
time="2022-09-28T03:24:35-07:00" level=info msg=nwdaf category=App component=NWDAF
time="2022-09-28T03:24:35-07:00" level=info msg="config version [1.0.1]" category=CFG component=NWDAF
time="2022-09-28T03:24:35-07:00" level=info msg="Registered to NRF" category=Init component=NWDAF
time="2022-09-28T03:24:35-07:00" level=info msg="nwdafconfig Info: Version[1.0.1] Description[NWDAF initial local configuration]" category=Util component=NWDAF
time="2022-09-28T03:49:40-07:00" level=info msg=nwdaf category=App component=NWDAF
time="2022-09-28T03:49:40-07:00" level=info msg="config version [1.0.1]" category=CFG component=NWDAF
time="2022-09-28T03:49:40-07:00" level=info msg="Registered to NRF" category=Init component=NWDAF
time="2022-09-28T03:49:40-07:00" level=info msg="nwdafconfig Info: Version[1.0.1] Description[NWDAF initial local configuration]" category=Util component=NWDAF
time="2022-09-28T04:05:40-07:00" level=info msg=nwdaf category=App component=NWDAF
time="2022-09-28T04:05:40-07:00" level=info msg="config version [1.0.1]" category=CFG component=NWDAF
time="2022-09-28T04:05:40-07:00" level=info msg="Registered to NRF" category=Init component=NWDAF
time="2022-09-28T04:05:40-07:00" level=info msg="nwdafconfig Info: Version[1.0.1] Description[NWDAF initial local configuration]" category=Util component=NWDAF
time="2022-09-28T04:31:09-07:00" level=info msg=nwdaf category=App component=NWDAF
time="2022-09-28T04:31:09-07:00" level=info msg="config version [1.0.1]" category=CFG component=NWDAF
time="2022-09-28T04:31:09-07:00" level=info msg="Registered to NRF" category=Init component=NWDAF
time="2022-09-28T04:31:09-07:00" level=info msg="nwdafconfig Info: Version[1.0.1] Description[NWDAF initial local configuration]" category=Util component=NWDAF
time="2022-09-28T04:40:18-07:00" level=info msg=nwdaf category=App component=NWDAF
time="2022-09-28T04:40:18-07:00" level=info msg="config version [1.0.1]" category=CFG component=NWDAF
time="2022-09-28T04:40:18-07:00" level=info msg="Registered to NRF" category=Init component=NWDAF
time="2022-09-28T04:40:18-07:00" level=info msg="nwdafconfig Info: Version[1.0.1] Description[NWDAF initial local configuration]" category=Util component=NWDAF
time="2022-09-28T04:41:04-07:00" level=info msg=nwdaf category=App component=NWDAF
time="2022-09-28T04:41:04-07:00" level=info msg="config version [1.0.1]" category=CFG component=NWDAF
time="2022-09-28T04:41:04-07:00" level=info msg="Registered to NRF" category=Init component=NWDAF
time="2022-09-28T04:41:04-07:00" level=info msg="nwdafconfig Info: Version[1.0.1] Description[NWDAF initial local configuration]" category=Util component=NWDAF
time="2022-09-28T04:42:58-07:00" level=info msg=nwdaf category=App component=NWDAF
time="2022-09-28T04:42:58-07:00" level=info msg="config version [1.0.1]" category=CFG component=NWDAF
time="2022-09-28T04:42:58-07:00" level=info msg="Registered to NRF" category=Init component=NWDAF
time="2022-09-28T04:42:58-07:00" level=info msg="nwdafconfig Info: Version[1.0.1] Description[NWDAF initial local configuration]" category=Util component=NWDAF
time="2022-09-28T04:46:18-07:00" level=info msg=nwdaf category=App component=NWDAF
time="2022-09-28T04:46:18-07:00" level=info msg="config version [1.0.1]" category=CFG component=NWDAF
time="2022-09-28T04:46:18-07:00" level=info msg="Registered to NRF" category=Init component=NWDAF
time="2022-09-28T04:46:18-07:00" level=info msg="nwdafconfig Info: Version[1.0.1] Description[NWDAF initial local configuration]" category=Util component=NWDAF
time="2022-09-28T04:51:19-07:00" level=info msg=nwdaf category=App component=NWDAF
time="2022-09-28T04:51:19-07:00" level=info msg="config version [1.0.1]" category=CFG component=NWDAF
time="2022-09-28T04:51:19-07:00" level=info msg="Registered to NRF" category=Init component=NWDAF
time="2022-09-28T04:51:19-07:00" level=info msg="nwdafconfig Info: Version[1.0.1] Description[NWDAF initial local configuration]" category=Util component=NWDAF
time="2022-09-28T04:52:22-07:00" level=info msg=nwdaf category=App component=NWDAF
time="2022-09-28T04:52:22-07:00" level=info msg="config version [1.0.1]" category=CFG component=NWDAF
time="2022-09-28T04:52:22-07:00" level=info msg="Registered to NRF" category=Init component=NWDAF
time="2022-09-28T04:52:22-07:00" level=info msg="nwdafconfig Info: Version[1.0.1] Description[NWDAF initial local configuration]" category=Util component=NWDAF
time="2022-09-28T04:52:55-07:00" level=info msg=nwdaf category=App component=NWDAF
time="2022-09-28T04:52:55-07:00" level=info msg="config version [1.0.1]" category=CFG component=NWDAF
time="2022-09-28T04:52:55-07:00" level=info msg="Registered to NRF" category=Init component=NWDAF
time="2022-09-28T04:52:55-07:00" level=info msg="nwdafconfig Info: Version[1.0.1] Description[NWDAF initial local configuration]" category=Util component=NWDAF
time="2022-09-28T04:56:44-07:00" level=info msg=nwdaf category=App component=NWDAF
time="2022-09-28T04:56:44-07:00" level=info msg="config version [1.0.1]" category=CFG component=NWDAF
time="2022-09-28T04:56:44-07:00" level=info msg="Registered to NRF" category=Init component=NWDAF
time="2022-09-28T04:56:44-07:00" level=info msg="nwdafconfig Info: Version[1.0.1] Description[NWDAF initial local configuration]" category=Util component=NWDAF
time="2022-09-28T04:56:50-07:00" level=info msg=nwdaf category=App component=NWDAF
time="2022-09-28T04:56:50-07:00" level=info msg="config version [1.0.1]" category=CFG component=NWDAF
time="2022-09-28T04:56:50-07:00" level=info msg="Registered to NRF" category=Init component=NWDAF
time="2022-09-28T04:56:50-07:00" level=info msg="nwdafconfig Info: Version[1.0.1] Description[NWDAF initial local configuration]" category=Util component=NWDAF
time="2022-09-28T04:59:18-07:00" level=info msg=nwdaf category=App component=NWDAF
time="2022-09-28T04:59:18-07:00" level=info msg="config version [1.0.1]" category=CFG component=NWDAF
time="2022-09-28T04:59:18-07:00" level=info msg="Registered to NRF" category=Init component=NWDAF
time="2022-09-28T04:59:18-07:00" level=info msg="nwdafconfig Info: Version[1.0.1] Description[NWDAF initial local configuration]" category=Util component=NWDAF
time="2022-09-28T05:04:03-07:00" level=info msg=nwdaf category=App component=NWDAF
time="2022-09-28T05:04:03-07:00" level=info msg="config version [1.0.1]" category=CFG component=NWDAF
time="2022-09-28T05:04:03-07:00" level=info msg="Registered to NRF" category=Init component=NWDAF
time="2022-09-28T05:04:03-07:00" level=info msg="nwdafconfig Info: Version[1.0.1] Description[NWDAF initial local configuration]" category=Util component=NWDAF
time="2022-09-28T20:27:13-07:00" level=info msg=nwdaf category=App component=NWDAF
time="2022-09-28T20:27:13-07:00" level=info msg="config version [1.0.1]" category=CFG component=NWDAF
time="2022-09-28T20:27:13-07:00" level=info msg="Registered to NRF" category=Init component=NWDAF
time="2022-09-28T20:27:13-07:00" level=info msg="nwdafconfig Info: Version[1.0.1] Description[NWDAF initial local configuration]" category=Util component=NWDAF
time="2022-09-28T20:27:32-07:00" level=info msg=nwdaf category=App component=NWDAF
time="2022-09-28T20:27:32-07:00" level=info msg="config version [1.0.1]" category=CFG component=NWDAF
time="2022-09-28T20:27:32-07:00" level=info msg="Registered to NRF" category=Init component=NWDAF
time="2022-09-28T20:27:32-07:00" level=info msg="nwdafconfig Info: Version[1.0.1] Description[NWDAF initial local configuration]" category=Util component=NWDAF
time="2022-09-28T20:27:54-07:00" level=info msg=nwdaf category=App component=NWDAF
time="2022-09-28T20:27:54-07:00" level=info msg="config version [1.0.1]" category=CFG component=NWDAF
time="2022-09-28T20:27:54-07:00" level=info msg="Registered to NRF" category=Init component=NWDAF
time="2022-09-28T20:27:54-07:00" level=info msg="nwdafconfig Info: Version[1.0.1] Description[NWDAF initial local configuration]" category=Util component=NWDAF
time="2022-09-28T20:35:26-07:00" level=info msg=nwdaf category=App component=NWDAF
time="2022-09-28T20:35:26-07:00" level=info msg="config version [1.0.1]" category=CFG component=NWDAF
time="2022-09-28T20:35:26-07:00" level=info msg="Registered to NRF" category=Init component=NWDAF
time="2022-09-28T20:35:26-07:00" level=info msg="nwdafconfig Info: Version[1.0.1] Description[NWDAF initial local configuration]" category=Util component=NWDAF
time="2022-09-28T20:35:52-07:00" level=info msg=nwdaf category=App component=NWDAF
time="2022-09-28T20:35:52-07:00" level=info msg="config version [1.0.1]" category=CFG component=NWDAF
time="2022-09-28T20:35:52-07:00" level=info msg="Registered to NRF" category=Init component=NWDAF
time="2022-09-28T20:35:52-07:00" level=info msg="nwdafconfig Info: Version[1.0.1] Description[NWDAF initial local configuration]" category=Util component=NWDAF
time="2022-09-28T20:37:00-07:00" level=info msg=nwdaf category=App component=NWDAF
time="2022-09-28T20:37:00-07:00" level=info msg="config version [1.0.1]" category=CFG component=NWDAF
time="2022-09-28T20:37:00-07:00" level=info msg="Registered to NRF" category=Init component=NWDAF
time="2022-09-28T20:37:00-07:00" level=info msg="nwdafconfig Info: Version[1.0.1] Description[NWDAF initial local configuration]" category=Util component=NWDAF
time="2022-09-28T20:39:54-07:00" level=info msg=nwdaf category=App component=NWDAF
time="2022-09-28T20:39:54-07:00" level=info msg="config version [1.0.1]" category=CFG component=NWDAF
time="2022-09-28T20:39:54-07:00" level=info msg="Registered to NRF" category=Init component=NWDAF
time="2022-09-28T20:39:54-07:00" level=info msg="nwdafconfig Info: Version[1.0.1] Description[NWDAF initial local configuration]" category=Util component=NWDAF
time="2022-09-28T23:24:13-07:00" level=info msg=nwdaf category=App component=NWDAF
time="2022-09-28T23:24:13-07:00" level=info msg="config version [1.0.1]" category=CFG component=NWDAF
time="2022-09-28T23:24:13-07:00" level=info msg="Registered to NRF" category=Init component=NWDAF
time="2022-09-28T23:24:13-07:00" level=info msg="nwdafconfig Info: Version[1.0.1] Description[NWDAF initial local configuration]" category=Util component=NWDAF
time="2022-09-28T23:24:39-07:00" level=info msg=nwdaf category=App component=NWDAF
time="2022-09-28T23:24:39-07:00" level=info msg="config version [1.0.1]" category=CFG component=NWDAF
time="2022-09-28T23:24:39-07:00" level=info msg="Registered to NRF" category=Init component=NWDAF
time="2022-09-28T23:24:39-07:00" level=info msg="nwdafconfig Info: Version[1.0.1] Description[NWDAF initial local configuration]" category=Util component=NWDAF
time="2022-09-28T23:25:12-07:00" level=info msg=nwdaf category=App component=NWDAF
time="2022-09-28T23:25:12-07:00" level=info msg="config version [1.0.1]" category=CFG component=NWDAF
time="2022-09-28T23:25:12-07:00" level=info msg="Registered to NRF" category=Init component=NWDAF
time="2022-09-28T23:25:12-07:00" level=info msg="nwdafconfig Info: Version[1.0.1] Description[NWDAF initial local configuration]" category=Util component=NWDAF
time="2022-09-28T23:28:15-07:00" level=info msg=nwdaf category=App component=NWDAF
time="2022-09-28T23:28:15-07:00" level=info msg="config version [1.0.1]" category=CFG component=NWDAF
time="2022-09-28T23:28:15-07:00" level=info msg="Registered to NRF" category=Init component=NWDAF
time="2022-09-28T23:28:15-07:00" level=info msg="nwdafconfig Info: Version[1.0.1] Description[NWDAF initial local configuration]" category=Util component=NWDAF
time="2022-09-28T23:28:47-07:00" level=info msg=nwdaf category=App component=NWDAF
time="2022-09-28T23:28:47-07:00" level=info msg="config version [1.0.1]" category=CFG component=NWDAF
time="2022-09-28T23:28:47-07:00" level=info msg="Registered to NRF" category=Init component=NWDAF
time="2022-09-28T23:28:47-07:00" level=info msg="nwdafconfig Info: Version[1.0.1] Description[NWDAF initial local configuration]" category=Util component=NWDAF
time="2022-09-29T01:58:06-07:00" level=info msg=nwdaf category=App component=NWDAF
time="2022-09-29T01:58:06-07:00" level=info msg="config version [1.0.1]" category=CFG component=NWDAF
time="2022-09-29T01:58:06-07:00" level=info msg="Registered to NRF" category=Init component=NWDAF
time="2022-09-29T01:58:06-07:00" level=info msg="nwdafconfig Info: Version[1.0.1] Description[NWDAF initial local configuration]" category=Util component=NWDAF
time="2022-09-29T01:58:56-07:00" level=info msg=nwdaf category=App component=NWDAF
time="2022-09-29T01:58:56-07:00" level=info msg="config version [1.0.1]" category=CFG component=NWDAF
time="2022-09-29T01:58:56-07:00" level=info msg="Registered to NRF" category=Init component=NWDAF
time="2022-09-29T01:58:56-07:00" level=info msg="nwdafconfig Info: Version[1.0.1] Description[NWDAF initial local configuration]" category=Util component=NWDAF
time="2022-09-29T01:59:15-07:00" level=info msg=nwdaf category=App component=NWDAF
time="2022-09-29T01:59:15-07:00" level=info msg="config version [1.0.1]" category=CFG component=NWDAF
time="2022-09-29T01:59:15-07:00" level=info msg="Registered to NRF" category=Init component=NWDAF
time="2022-09-29T01:59:15-07:00" level=info msg="nwdafconfig Info: Version[1.0.1] Description[NWDAF initial local configuration]" category=Util component=NWDAF
time="2022-09-29T02:00:20-07:00" level=info msg=nwdaf category=App component=NWDAF
time="2022-09-29T02:00:20-07:00" level=info msg="config version [1.0.1]" category=CFG component=NWDAF
time="2022-09-29T02:00:20-07:00" level=info msg="Registered to NRF" category=Init component=NWDAF
time="2022-09-29T02:00:20-07:00" level=info msg="nwdafconfig Info: Version[1.0.1] Description[NWDAF initial local configuration]" category=Util component=NWDAF
time="2022-09-29T02:08:20-07:00" level=info msg=nwdaf category=App component=NWDAF
time="2022-09-29T02:08:20-07:00" level=info msg="config version [1.0.1]" category=CFG component=NWDAF
time="2022-09-29T02:08:20-07:00" level=info msg="Registered to NRF" category=Init component=NWDAF
time="2022-09-29T02:08:20-07:00" level=info msg="nwdafconfig Info: Version[1.0.1] Description[NWDAF initial local configuration]" category=Util component=NWDAF
time="2022-09-29T02:09:07-07:00" level=info msg=nwdaf category=App component=NWDAF
time="2022-09-29T02:09:07-07:00" level=info msg="config version [1.0.1]" category=CFG component=NWDAF
time="2022-09-29T02:09:07-07:00" level=info msg="Registered to NRF" category=Init component=NWDAF
time="2022-09-29T02:09:07-07:00" level=info msg="nwdafconfig Info: Version[1.0.1] Description[NWDAF initial local configuration]" category=Util component=NWDAF
time="2022-09-29T03:57:11-07:00" level=info msg=nwdaf category=App component=NWDAF
time="2022-09-29T03:57:11-07:00" level=info msg="config version [1.0.1]" category=CFG component=NWDAF
time="2022-09-29T03:57:11-07:00" level=info msg="Registered to NRF" category=Init component=NWDAF
time="2022-09-29T03:57:11-07:00" level=info msg="nwdafconfig Info: Version[1.0.1] Description[NWDAF initial local configuration]" category=Util component=NWDAF
time="2022-09-29T03:58:10-07:00" level=info msg=nwdaf category=App component=NWDAF
time="2022-09-29T03:58:10-07:00" level=info msg="config version [1.0.1]" category=CFG component=NWDAF
time="2022-09-29T03:58:10-07:00" level=info msg="Registered to NRF" category=Init component=NWDAF
time="2022-09-29T03:58:10-07:00" level=info msg="nwdafconfig Info: Version[1.0.1] Description[NWDAF initial local configuration]" category=Util component=NWDAF
time="2022-09-29T04:09:54-07:00" level=info msg=nwdaf category=App component=NWDAF
time="2022-09-29T04:09:54-07:00" level=info msg="config version [1.0.1]" category=CFG component=NWDAF
time="2022-09-29T04:09:54-07:00" level=info msg="Registered to NRF" category=Init component=NWDAF
time="2022-09-29T04:09:54-07:00" level=info msg="nwdafconfig Info: Version[1.0.1] Description[NWDAF initial local configuration]" category=Util component=NWDAF
time="2022-09-29T04:10:54-07:00" level=info msg=nwdaf category=App component=NWDAF
time="2022-09-29T04:10:54-07:00" level=info msg="config version [1.0.1]" category=CFG component=NWDAF
time="2022-09-29T04:10:54-07:00" level=info msg="Registered to NRF" category=Init component=NWDAF
time="2022-09-29T04:10:54-07:00" level=info msg="nwdafconfig Info: Version[1.0.1] Description[NWDAF initial local configuration]" category=Util component=NWDAF
time="2022-09-29T04:12:21-07:00" level=info msg=nwdaf category=App component=NWDAF
time="2022-09-29T04:12:21-07:00" level=info msg="config version [1.0.1]" category=CFG component=NWDAF
time="2022-09-29T04:12:21-07:00" level=info msg="Registered to NRF" category=Init component=NWDAF
time="2022-09-29T04:12:21-07:00" level=info msg="nwdafconfig Info: Version[1.0.1] Description[NWDAF initial local configuration]" category=Util component=NWDAF
time="2022-09-29T04:13:20-07:00" level=info msg=nwdaf category=App component=NWDAF
time="2022-09-29T04:13:20-07:00" level=info msg="config version [1.0.1]" category=CFG component=NWDAF
time="2022-09-29T04:13:20-07:00" level=info msg="Registered to NRF" category=Init component=NWDAF
time="2022-09-29T04:13:20-07:00" level=info msg="nwdafconfig Info: Version[1.0.1] Description[NWDAF initial local configuration]" category=Util component=NWDAF
time="2022-09-29T04:27:51-07:00" level=info msg=nwdaf category=App component=NWDAF
time="2022-09-29T04:27:51-07:00" level=info msg="config version [1.0.1]" category=CFG component=NWDAF
time="2022-09-29T04:27:51-07:00" level=info msg="Registered to NRF" category=Init component=NWDAF
time="2022-09-29T04:27:51-07:00" level=info msg="nwdafconfig Info: Version[1.0.1] Description[NWDAF initial local configuration]" category=Util component=NWDAF
time="2022-09-29T04:28:50-07:00" level=info msg=nwdaf category=App component=NWDAF
time="2022-09-29T04:28:50-07:00" level=info msg="config version [1.0.1]" category=CFG component=NWDAF
time="2022-09-29T04:28:50-07:00" level=info msg="Registered to NRF" category=Init component=NWDAF
time="2022-09-29T04:28:50-07:00" level=info msg="nwdafconfig Info: Version[1.0.1] Description[NWDAF initial local configuration]" category=Util component=NWDAF
time="2022-10-04T08:25:07-07:00" level=info msg=nwdaf category=App component=NWDAF
time="2022-10-04T08:25:07-07:00" level=info msg="config version [1.0.1]" category=CFG component=NWDAF
time="2022-10-04T08:25:07-07:00" level=info msg="Registered to NRF" category=Init component=NWDAF
time="2022-10-04T08:25:07-07:00" level=info msg="nwdafconfig Info: Version[1.0.1] Description[NWDAF initial local configuration]" category=Util component=NWDAF
time="2022-10-04T08:26:59-07:00" level=info msg=nwdaf category=App component=NWDAF
time="2022-10-04T08:26:59-07:00" level=info msg="config version [1.0.1]" category=CFG component=NWDAF
time="2022-10-04T08:26:59-07:00" level=info msg="Registered to NRF" category=Init component=NWDAF
time="2022-10-04T08:26:59-07:00" level=info msg="nwdafconfig Info: Version[1.0.1] Description[NWDAF initial local configuration]" category=Util component=NWDAF
time="2022-10-04T08:44:35-07:00" level=info msg=nwdaf category=App component=NWDAF
time="2022-10-04T08:44:35-07:00" level=info msg="config version [1.0.1]" category=CFG component=NWDAF
time="2022-10-04T08:44:35-07:00" level=info msg="Registered to NRF" category=Init component=NWDAF
time="2022-10-04T08:44:35-07:00" level=info msg="nwdafconfig Info: Version[1.0.1] Description[NWDAF initial local configuration]" category=Util component=NWDAF
time="2022-10-04T08:45:33-07:00" level=info msg=nwdaf category=App component=NWDAF
time="2022-10-04T08:45:33-07:00" level=info msg="config version [1.0.1]" category=CFG component=NWDAF
time="2022-10-04T08:45:33-07:00" level=info msg="Registered to NRF" category=Init component=NWDAF
time="2022-10-04T08:45:33-07:00" level=info msg="nwdafconfig Info: Version[1.0.1] Description[NWDAF initial local configuration]" category=Util component=NWDAF
time="2022-10-26T00:28:20-07:00" level=info msg=nwdaf category=App component=NWDAF
time="2022-10-26T00:28:20-07:00" level=info msg="config version [1.0.1]" category=CFG component=NWDAF
time="2022-10-26T00:28:20-07:00" level=info msg="Registered to NRF" category=Init component=NWDAF
time="2022-10-26T00:28:20-07:00" level=info msg="nwdafconfig Info: Version[1.0.1] Description[NWDAF initial local configuration]" category=Util component=NWDAF
time="2022-10-26T00:29:59-07:00" level=info msg=nwdaf category=App component=NWDAF
time="2022-10-26T00:29:59-07:00" level=info msg="config version [1.0.1]" category=CFG component=NWDAF
time="2022-10-26T00:29:59-07:00" level=info msg="Registered to NRF" category=Init component=NWDAF
time="2022-10-26T00:29:59-07:00" level=info msg="nwdafconfig Info: Version[1.0.1] Description[NWDAF initial local configuration]" category=Util component=NWDAF
time="2022-10-30T01:52:03-07:00" level=info msg=nwdaf category=App component=NWDAF
time="2022-10-30T01:52:03-07:00" level=info msg="config version [1.0.1]" category=CFG component=NWDAF
time="2022-10-30T01:52:03-07:00" level=info msg="Registered to NRF" category=Init component=NWDAF
time="2022-10-30T01:52:03-07:00" level=info msg="nwdafconfig Info: Version[1.0.1] Description[NWDAF initial local configuration]" category=Util component=NWDAF
time="2022-10-30T01:52:58-07:00" level=info msg=nwdaf category=App component=NWDAF
time="2022-10-30T01:52:58-07:00" level=info msg="config version [1.0.1]" category=CFG component=NWDAF
time="2022-10-30T01:52:58-07:00" level=info msg="Registered to NRF" category=Init component=NWDAF
time="2022-10-30T01:52:58-07:00" level=info msg="nwdafconfig Info: Version[1.0.1] Description[NWDAF initial local configuration]" category=Util component=NWDAF
time="2022-10-30T01:55:43-07:00" level=info msg=nwdaf category=App component=NWDAF
time="2022-10-30T01:55:43-07:00" level=info msg="config version [1.0.1]" category=CFG component=NWDAF
time="2022-10-30T01:55:43-07:00" level=info msg="Registered to NRF" category=Init component=NWDAF
time="2022-10-30T01:55:43-07:00" level=info msg="nwdafconfig Info: Version[1.0.1] Description[NWDAF initial local configuration]" category=Util component=NWDAF
time="2022-10-30T02:00:18-07:00" level=info msg=nwdaf category=App component=NWDAF
time="2022-10-30T02:00:18-07:00" level=info msg="config version [1.0.1]" category=CFG component=NWDAF
time="2022-10-30T02:00:18-07:00" level=info msg="Registered to NRF" category=Init component=NWDAF
time="2022-10-30T02:00:18-07:00" level=info msg="nwdafconfig Info: Version[1.0.1] Description[NWDAF initial local configuration]" category=Util component=NWDAF
time="2022-10-30T02:01:24-07:00" level=info msg=nwdaf category=App component=NWDAF
time="2022-10-30T02:01:24-07:00" level=info msg="config version [1.0.1]" category=CFG component=NWDAF
time="2022-10-30T02:01:24-07:00" level=info msg="Registered to NRF" category=Init component=NWDAF
time="2022-10-30T02:01:24-07:00" level=info msg="nwdafconfig Info: Version[1.0.1] Description[NWDAF initial local configuration]" category=Util component=NWDAF
time="2022-10-30T02:03:23-07:00" level=info msg=nwdaf category=App component=NWDAF
time="2022-10-30T02:03:23-07:00" level=info msg="config version [1.0.1]" category=CFG component=NWDAF
time="2022-10-30T02:03:23-07:00" level=info msg="Registered to NRF" category=Init component=NWDAF
time="2022-10-30T02:03:23-07:00" level=info msg="nwdafconfig Info: Version[1.0.1] Description[NWDAF initial local configuration]" category=Util component=NWDAF
time="2022-11-05T02:26:49-07:00" level=info msg=nwdaf category=App component=NWDAF
time="2022-11-05T02:26:49-07:00" level=info msg="config version [1.0.1]" category=CFG component=NWDAF
time="2022-11-05T02:26:49-07:00" level=info msg="Registered to NRF" category=Init component=NWDAF
time="2022-11-05T02:26:49-07:00" level=info msg="nwdafconfig Info: Version[1.0.1] Description[NWDAF initial local configuration]" category=Util component=NWDAF
time="2022-11-05T02:26:57-07:00" level=info msg=nwdaf category=App component=NWDAF
time="2022-11-05T02:26:57-07:00" level=info msg="config version [1.0.1]" category=CFG component=NWDAF
time="2022-11-05T02:26:57-07:00" level=info msg="Registered to NRF" category=Init component=NWDAF
time="2022-11-05T02:26:57-07:00" level=info msg="nwdafconfig Info: Version[1.0.1] Description[NWDAF initial local configuration]" category=Util component=NWDAF
time="2022-11-05T02:33:23-07:00" level=info msg=nwdaf category=App component=NWDAF
time="2022-11-05T02:33:23-07:00" level=info msg="config version [1.0.1]" category=CFG component=NWDAF
time="2022-11-05T02:33:23-07:00" level=info msg="Registered to NRF" category=Init component=NWDAF
time="2022-11-05T02:33:23-07:00" level=info msg="nwdafconfig Info: Version[1.0.1] Description[NWDAF initial local configuration]" category=Util component=NWDAF
time="2022-11-05T02:37:12-07:00" level=info msg=nwdaf category=App component=NWDAF
time="2022-11-05T02:37:12-07:00" level=info msg="config version [1.0.1]" category=CFG component=NWDAF
time="2022-11-05T02:37:12-07:00" level=info msg="Registered to NRF" category=Init component=NWDAF
time="2022-11-05T02:37:12-07:00" level=info msg="nwdafconfig Info: Version[1.0.1] Description[NWDAF initial local configuration]" category=Util component=NWDAF
time="2022-11-05T20:52:48-07:00" level=info msg=nwdaf category=App component=NWDAF
time="2022-11-05T20:52:48-07:00" level=info msg="config version [1.0.1]" category=CFG component=NWDAF
time="2022-11-05T20:52:48-07:00" level=info msg="Registered to NRF" category=Init component=NWDAF
time="2022-11-05T20:52:48-07:00" level=info msg="nwdafconfig Info: Version[1.0.1] Description[NWDAF initial local configuration]" category=Util component=NWDAF
time="2022-11-05T21:02:49-07:00" level=info msg=nwdaf category=App component=NWDAF
time="2022-11-05T21:02:49-07:00" level=info msg="config version [1.0.1]" category=CFG component=NWDAF
time="2022-11-05T21:02:49-07:00" level=info msg="Registered to NRF" category=Init component=NWDAF
time="2022-11-05T21:02:49-07:00" level=info msg="nwdafconfig Info: Version[1.0.1] Description[NWDAF initial local configuration]" category=Util component=NWDAF
time="2022-11-05T21:04:57-07:00" level=info msg=nwdaf category=App component=NWDAF
time="2022-11-05T21:04:57-07:00" level=info msg="config version [1.0.1]" category=CFG component=NWDAF
time="2022-11-05T21:04:57-07:00" level=info msg="Registered to NRF" category=Init component=NWDAF
time="2022-11-05T21:04:57-07:00" level=info msg="nwdafconfig Info: Version[1.0.1] Description[NWDAF initial local configuration]" category=Util component=NWDAF
time="2022-11-05T21:10:49-07:00" level=info msg=nwdaf category=App component=NWDAF
time="2022-11-05T21:10:49-07:00" level=info msg="config version [1.0.1]" category=CFG component=NWDAF
time="2022-11-05T21:10:49-07:00" level=info msg="Registered to NRF" category=Init component=NWDAF
time="2022-11-05T21:10:49-07:00" level=info msg="nwdafconfig Info: Version[1.0.1] Description[NWDAF initial local configuration]" category=Util component=NWDAF
time="2022-11-05T21:52:54-07:00" level=info msg=nwdaf category=App component=NWDAF
time="2022-11-05T21:52:54-07:00" level=info msg="config version [1.0.1]" category=CFG component=NWDAF
time="2022-11-05T21:52:54-07:00" level=info msg="Registered to NRF" category=Init component=NWDAF
time="2022-11-05T21:52:54-07:00" level=info msg="nwdafconfig Info: Version[1.0.1] Description[NWDAF initial local configuration]" category=Util component=NWDAF
time="2022-11-05T21:53:34-07:00" level=info msg=nwdaf category=App component=NWDAF
time="2022-11-05T21:53:34-07:00" level=info msg="config version [1.0.1]" category=CFG component=NWDAF
time="2022-11-05T21:53:34-07:00" level=info msg="Registered to NRF" category=Init component=NWDAF
time="2022-11-05T21:53:34-07:00" level=info msg="nwdafconfig Info: Version[1.0.1] Description[NWDAF initial local configuration]" category=Util component=NWDAF
time="2022-11-05T22:03:07-07:00" level=info msg=nwdaf category=App component=NWDAF
time="2022-11-05T22:03:07-07:00" level=info msg="config version [1.0.1]" category=CFG component=NWDAF
time="2022-11-05T22:03:07-07:00" level=info msg="Registered to NRF" category=Init component=NWDAF
time="2022-11-05T22:03:07-07:00" level=info msg="nwdafconfig Info: Version[1.0.1] Description[NWDAF initial local configuration]" category=Util component=NWDAF
time="2022-11-05T22:03:48-07:00" level=info msg=nwdaf category=App component=NWDAF
time="2022-11-05T22:03:48-07:00" level=info msg="config version [1.0.1]" category=CFG component=NWDAF
time="2022-11-05T22:03:48-07:00" level=info msg="Registered to NRF" category=Init component=NWDAF
time="2022-11-05T22:03:48-07:00" level=info msg="nwdafconfig Info: Version[1.0.1] Description[NWDAF initial local configuration]" category=Util component=NWDAF
time="2022-11-05T22:10:59-07:00" level=info msg=nwdaf category=App component=NWDAF
time="2022-11-05T22:10:59-07:00" level=info msg="config version [1.0.1]" category=CFG component=NWDAF
time="2022-11-05T22:10:59-07:00" level=info msg="Registered to NRF" category=Init component=NWDAF
time="2022-11-05T22:10:59-07:00" level=info msg="nwdafconfig Info: Version[1.0.1] Description[NWDAF initial local configuration]" category=Util component=NWDAF
time="2022-11-05T22:11:59-07:00" level=info msg=nwdaf category=App component=NWDAF
time="2022-11-05T22:11:59-07:00" level=info msg="config version [1.0.1]" category=CFG component=NWDAF
time="2022-11-05T22:11:59-07:00" level=info msg="Registered to NRF" category=Init component=NWDAF
time="2022-11-05T22:11:59-07:00" level=info msg="nwdafconfig Info: Version[1.0.1] Description[NWDAF initial local configuration]" category=Util component=NWDAF
time="2022-11-05T22:14:07-07:00" level=info msg=nwdaf category=App component=NWDAF
time="2022-11-05T22:14:07-07:00" level=info msg="config version [1.0.1]" category=CFG component=NWDAF
time="2022-11-05T22:14:07-07:00" level=info msg="Registered to NRF" category=Init component=NWDAF
time="2022-11-05T22:14:07-07:00" level=info msg="nwdafconfig Info: Version[1.0.1] Description[NWDAF initial local configuration]" category=Util component=NWDAF
time="2022-11-05T22:18:37-07:00" level=info msg=nwdaf category=App component=NWDAF
time="2022-11-05T22:18:37-07:00" level=info msg="config version [1.0.1]" category=CFG component=NWDAF
time="2022-11-05T22:18:37-07:00" level=info msg="Registered to NRF" category=Init component=NWDAF
time="2022-11-05T22:18:37-07:00" level=info msg="nwdafconfig Info: Version[1.0.1] Description[NWDAF initial local configuration]" category=Util component=NWDAF
